25-06-14.08:26:45.779 [main            ] WARN  DnsServerAddressStreamProviders - Can not find io.netty.resolver.dns.macos.MacOSDnsServerAddressStreamProvider in the classpath, fallback to system defaults. This may result in incorrect DNS resolutions on MacOS. Check whether you have a dependency on 'io.netty:netty-resolver-dns-native-macos'
25-06-14.08:34:07.995 [main            ] WARN  DnsServerAddressStreamProviders - Can not find io.netty.resolver.dns.macos.MacOSDnsServerAddressStreamProvider in the classpath, fallback to system defaults. This may result in incorrect DNS resolutions on MacOS. Check whether you have a dependency on 'io.netty:netty-resolver-dns-native-macos'
25-06-14.08:34:38.738 [HikariPool-1 housekeeper] WARN  HikariPool             - HikariPool-1 - Retrograde clock change detected (housekeeper delta=29s499ms), soft-evicting connections from pool.
25-06-14.08:46:49.902 [main            ] WARN  DnsServerAddressStreamProviders - Can not find io.netty.resolver.dns.macos.MacOSDnsServerAddressStreamProvider in the classpath, fallback to system defaults. This may result in incorrect DNS resolutions on MacOS. Check whether you have a dependency on 'io.netty:netty-resolver-dns-native-macos'
25-06-14.08:53:43.692 [main            ] WARN  GenericWebApplicationContext - Exception encountered during context initialization - cancelling refresh attempt: org.springframework.beans.factory.BeanCreationException: Error creating bean with name 'strategyArmory': Injection of resource dependencies failed; nested exception is org.springframework.beans.factory.BeanCreationException: Error creating bean with name 'strategyRepository' defined in file [/Users/bhuang/code/Bhuang-BigMark/Bhuang-BigMark-infrastructure/target/classes/com/bhuang/infrastructure/persistent/repository/StrategyRepository.class]: Instantiation of bean failed; nested exception is org.springframework.beans.BeanInstantiationException: Failed to instantiate [com.bhuang.infrastructure.persistent.repository.StrategyRepository]: Constructor threw exception; nested exception is java.lang.Error: Unresolved compilation problems: 
	The import com.bhuang.domain.strategy.model cannot be resolved
	The import com.bhuang.domain.strategy.repository cannot be resolved
	IStrategyRepository cannot be resolved to a type
	StrategyAwardEntity cannot be resolved to a type
	The method queryStrategyAwardList(Long) of type StrategyRepository must override or implement a supertype method
	The method toEntityList(List<StrategyAward>) from the type StrategyAwardMapper refers to the missing type StrategyAwardEntity
	The method toEntityList(List<StrategyAward>) from the type StrategyAwardMapper refers to the missing type StrategyAwardEntity
	The method storeStrategyAwardSearchRateTable(Long, Integer, Map<Integer,Integer>) of type StrategyRepository must override or implement a supertype method
	The method getRateRange(Long) of type StrategyRepository must override or implement a supertype method
	The method getStrategyAwardAssemble(Long, Integer) of type StrategyRepository must override or implement a supertype method

25-06-14.08:53:43.708 [main            ] ERROR SpringApplication      - Application run failed
org.springframework.beans.factory.BeanCreationException: Error creating bean with name 'strategyArmory': Injection of resource dependencies failed; nested exception is org.springframework.beans.factory.BeanCreationException: Error creating bean with name 'strategyRepository' defined in file [/Users/bhuang/code/Bhuang-BigMark/Bhuang-BigMark-infrastructure/target/classes/com/bhuang/infrastructure/persistent/repository/StrategyRepository.class]: Instantiation of bean failed; nested exception is org.springframework.beans.BeanInstantiationException: Failed to instantiate [com.bhuang.infrastructure.persistent.repository.StrategyRepository]: Constructor threw exception; nested exception is java.lang.Error: Unresolved compilation problems: 
	The import com.bhuang.domain.strategy.model cannot be resolved
	The import com.bhuang.domain.strategy.repository cannot be resolved
	IStrategyRepository cannot be resolved to a type
	StrategyAwardEntity cannot be resolved to a type
	The method queryStrategyAwardList(Long) of type StrategyRepository must override or implement a supertype method
	The method toEntityList(List<StrategyAward>) from the type StrategyAwardMapper refers to the missing type StrategyAwardEntity
	The method toEntityList(List<StrategyAward>) from the type StrategyAwardMapper refers to the missing type StrategyAwardEntity
	The method storeStrategyAwardSearchRateTable(Long, Integer, Map<Integer,Integer>) of type StrategyRepository must override or implement a supertype method
	The method getRateRange(Long) of type StrategyRepository must override or implement a supertype method
	The method getStrategyAwardAssemble(Long, Integer) of type StrategyRepository must override or implement a supertype method

	at org.springframework.context.annotation.CommonAnnotationBeanPostProcessor.postProcessProperties(CommonAnnotationBeanPostProcessor.java:332)
	at org.springframework.beans.factory.support.AbstractAutowireCapableBeanFactory.populateBean(AbstractAutowireCapableBeanFactory.java:1431)
	at org.springframework.beans.factory.support.AbstractAutowireCapableBeanFactory.doCreateBean(AbstractAutowireCapableBeanFactory.java:619)
	at org.springframework.beans.factory.support.AbstractAutowireCapableBeanFactory.createBean(AbstractAutowireCapableBeanFactory.java:542)
	at org.springframework.beans.factory.support.AbstractBeanFactory.lambda$doGetBean$0(AbstractBeanFactory.java:335)
	at org.springframework.beans.factory.support.DefaultSingletonBeanRegistry.getSingleton(DefaultSingletonBeanRegistry.java:234)
	at org.springframework.beans.factory.support.AbstractBeanFactory.doGetBean(AbstractBeanFactory.java:333)
	at org.springframework.beans.factory.support.AbstractBeanFactory.getBean(AbstractBeanFactory.java:208)
	at org.springframework.beans.factory.support.DefaultListableBeanFactory.preInstantiateSingletons(DefaultListableBeanFactory.java:955)
	at org.springframework.context.support.AbstractApplicationContext.finishBeanFactoryInitialization(AbstractApplicationContext.java:920)
	at org.springframework.context.support.AbstractApplicationContext.refresh(AbstractApplicationContext.java:583)
	at org.springframework.boot.SpringApplication.refresh(SpringApplication.java:731)
	at org.springframework.boot.SpringApplication.refreshContext(SpringApplication.java:408)
	at org.springframework.boot.SpringApplication.run(SpringApplication.java:307)
	at org.springframework.boot.test.context.SpringBootContextLoader.loadContext(SpringBootContextLoader.java:136)
	at org.springframework.test.context.cache.DefaultCacheAwareContextLoaderDelegate.loadContextInternal(DefaultCacheAwareContextLoaderDelegate.java:141)
	at org.springframework.test.context.cache.DefaultCacheAwareContextLoaderDelegate.loadContext(DefaultCacheAwareContextLoaderDelegate.java:90)
	at org.springframework.test.context.support.DefaultTestContext.getApplicationContext(DefaultTestContext.java:124)
	at org.springframework.test.context.web.ServletTestExecutionListener.setUpRequestContextIfNecessary(ServletTestExecutionListener.java:190)
	at org.springframework.test.context.web.ServletTestExecutionListener.prepareTestInstance(ServletTestExecutionListener.java:132)
	at org.springframework.test.context.TestContextManager.prepareTestInstance(TestContextManager.java:248)
	at org.springframework.test.context.junit4.SpringJUnit4ClassRunner.createTest(SpringJUnit4ClassRunner.java:227)
	at org.springframework.test.context.junit4.SpringJUnit4ClassRunner$1.runReflectiveCall(SpringJUnit4ClassRunner.java:289)
	at org.junit.internal.runners.model.ReflectiveCallable.run(ReflectiveCallable.java:12)
	at org.springframework.test.context.junit4.SpringJUnit4ClassRunner.methodBlock(SpringJUnit4ClassRunner.java:291)
	at org.springframework.test.context.junit4.SpringJUnit4ClassRunner.runChild(SpringJUnit4ClassRunner.java:246)
	at org.springframework.test.context.junit4.SpringJUnit4ClassRunner.runChild(SpringJUnit4ClassRunner.java:97)
	at org.junit.runners.ParentRunner$4.run(ParentRunner.java:331)
	at org.junit.runners.ParentRunner$1.schedule(ParentRunner.java:79)
	at org.junit.runners.ParentRunner.runChildren(ParentRunner.java:329)
	at org.junit.runners.ParentRunner.access$100(ParentRunner.java:66)
	at org.junit.runners.ParentRunner$2.evaluate(ParentRunner.java:293)
	at org.springframework.test.context.junit4.statements.RunBeforeTestClassCallbacks.evaluate(RunBeforeTestClassCallbacks.java:61)
	at org.springframework.test.context.junit4.statements.RunAfterTestClassCallbacks.evaluate(RunAfterTestClassCallbacks.java:70)
	at org.junit.runners.ParentRunner$3.evaluate(ParentRunner.java:306)
	at org.junit.runners.ParentRunner.run(ParentRunner.java:413)
	at org.springframework.test.context.junit4.SpringJUnit4ClassRunner.run(SpringJUnit4ClassRunner.java:190)
	at org.junit.runner.JUnitCore.run(JUnitCore.java:137)
	at com.intellij.junit4.JUnit4IdeaTestRunner.startRunnerWithArgs(JUnit4IdeaTestRunner.java:69)
	at com.intellij.rt.junit.IdeaTestRunner$Repeater$1.execute(IdeaTestRunner.java:38)
	at com.intellij.rt.execution.junit.TestsRepeater.repeat(TestsRepeater.java:11)
	at com.intellij.rt.junit.IdeaTestRunner$Repeater.startRunnerWithArgs(IdeaTestRunner.java:35)
	at com.intellij.rt.junit.JUnitStarter.prepareStreamsAndStart(JUnitStarter.java:231)
	at com.intellij.rt.junit.JUnitStarter.main(JUnitStarter.java:55)
Caused by: org.springframework.beans.factory.BeanCreationException: Error creating bean with name 'strategyRepository' defined in file [/Users/bhuang/code/Bhuang-BigMark/Bhuang-BigMark-infrastructure/target/classes/com/bhuang/infrastructure/persistent/repository/StrategyRepository.class]: Instantiation of bean failed; nested exception is org.springframework.beans.BeanInstantiationException: Failed to instantiate [com.bhuang.infrastructure.persistent.repository.StrategyRepository]: Constructor threw exception; nested exception is java.lang.Error: Unresolved compilation problems: 
	The import com.bhuang.domain.strategy.model cannot be resolved
	The import com.bhuang.domain.strategy.repository cannot be resolved
	IStrategyRepository cannot be resolved to a type
	StrategyAwardEntity cannot be resolved to a type
	The method queryStrategyAwardList(Long) of type StrategyRepository must override or implement a supertype method
	The method toEntityList(List<StrategyAward>) from the type StrategyAwardMapper refers to the missing type StrategyAwardEntity
	The method toEntityList(List<StrategyAward>) from the type StrategyAwardMapper refers to the missing type StrategyAwardEntity
	The method storeStrategyAwardSearchRateTable(Long, Integer, Map<Integer,Integer>) of type StrategyRepository must override or implement a supertype method
	The method getRateRange(Long) of type StrategyRepository must override or implement a supertype method
	The method getStrategyAwardAssemble(Long, Integer) of type StrategyRepository must override or implement a supertype method

	at org.springframework.beans.factory.support.AbstractAutowireCapableBeanFactory.instantiateBean(AbstractAutowireCapableBeanFactory.java:1334)
	at org.springframework.beans.factory.support.AbstractAutowireCapableBeanFactory.createBeanInstance(AbstractAutowireCapableBeanFactory.java:1232)
	at org.springframework.beans.factory.support.AbstractAutowireCapableBeanFactory.doCreateBean(AbstractAutowireCapableBeanFactory.java:582)
	at org.springframework.beans.factory.support.AbstractAutowireCapableBeanFactory.createBean(AbstractAutowireCapableBeanFactory.java:542)
	at org.springframework.beans.factory.support.AbstractBeanFactory.lambda$doGetBean$0(AbstractBeanFactory.java:335)
	at org.springframework.beans.factory.support.DefaultSingletonBeanRegistry.getSingleton(DefaultSingletonBeanRegistry.java:234)
	at org.springframework.beans.factory.support.AbstractBeanFactory.doGetBean(AbstractBeanFactory.java:333)
	at org.springframework.beans.factory.support.AbstractBeanFactory.getBean(AbstractBeanFactory.java:213)
	at org.springframework.beans.factory.support.AbstractAutowireCapableBeanFactory.resolveBeanByName(AbstractAutowireCapableBeanFactory.java:479)
	at org.springframework.context.annotation.CommonAnnotationBeanPostProcessor.autowireResource(CommonAnnotationBeanPostProcessor.java:550)
	at org.springframework.context.annotation.CommonAnnotationBeanPostProcessor.getResource(CommonAnnotationBeanPostProcessor.java:520)
	at org.springframework.context.annotation.CommonAnnotationBeanPostProcessor$ResourceElement.getResourceToInject(CommonAnnotationBeanPostProcessor.java:673)
	at org.springframework.beans.factory.annotation.InjectionMetadata$InjectedElement.inject(InjectionMetadata.java:228)
	at org.springframework.beans.factory.annotation.InjectionMetadata.inject(InjectionMetadata.java:119)
	at org.springframework.context.annotation.CommonAnnotationBeanPostProcessor.postProcessProperties(CommonAnnotationBeanPostProcessor.java:329)
	... 43 common frames omitted
Caused by: org.springframework.beans.BeanInstantiationException: Failed to instantiate [com.bhuang.infrastructure.persistent.repository.StrategyRepository]: Constructor threw exception; nested exception is java.lang.Error: Unresolved compilation problems: 
	The import com.bhuang.domain.strategy.model cannot be resolved
	The import com.bhuang.domain.strategy.repository cannot be resolved
	IStrategyRepository cannot be resolved to a type
	StrategyAwardEntity cannot be resolved to a type
	The method queryStrategyAwardList(Long) of type StrategyRepository must override or implement a supertype method
	The method toEntityList(List<StrategyAward>) from the type StrategyAwardMapper refers to the missing type StrategyAwardEntity
	The method toEntityList(List<StrategyAward>) from the type StrategyAwardMapper refers to the missing type StrategyAwardEntity
	The method storeStrategyAwardSearchRateTable(Long, Integer, Map<Integer,Integer>) of type StrategyRepository must override or implement a supertype method
	The method getRateRange(Long) of type StrategyRepository must override or implement a supertype method
	The method getStrategyAwardAssemble(Long, Integer) of type StrategyRepository must override or implement a supertype method

	at org.springframework.beans.BeanUtils.instantiateClass(BeanUtils.java:224)
	at org.springframework.beans.factory.support.SimpleInstantiationStrategy.instantiate(SimpleInstantiationStrategy.java:87)
	at org.springframework.beans.factory.support.AbstractAutowireCapableBeanFactory.instantiateBean(AbstractAutowireCapableBeanFactory.java:1326)
	... 57 common frames omitted
Caused by: java.lang.Error: Unresolved compilation problems: 
	The import com.bhuang.domain.strategy.model cannot be resolved
	The import com.bhuang.domain.strategy.repository cannot be resolved
	IStrategyRepository cannot be resolved to a type
	StrategyAwardEntity cannot be resolved to a type
	The method queryStrategyAwardList(Long) of type StrategyRepository must override or implement a supertype method
	The method toEntityList(List<StrategyAward>) from the type StrategyAwardMapper refers to the missing type StrategyAwardEntity
	The method toEntityList(List<StrategyAward>) from the type StrategyAwardMapper refers to the missing type StrategyAwardEntity
	The method storeStrategyAwardSearchRateTable(Long, Integer, Map<Integer,Integer>) of type StrategyRepository must override or implement a supertype method
	The method getRateRange(Long) of type StrategyRepository must override or implement a supertype method
	The method getStrategyAwardAssemble(Long, Integer) of type StrategyRepository must override or implement a supertype method

	at com.bhuang.infrastructure.persistent.repository.StrategyRepository.<init>(StrategyRepository.java:4)
	at java.base/jdk.internal.reflect.NativeConstructorAccessorImpl.newInstance0(Native Method)
	at java.base/jdk.internal.reflect.NativeConstructorAccessorImpl.newInstance(NativeConstructorAccessorImpl.java:77)
	at java.base/jdk.internal.reflect.DelegatingConstructorAccessorImpl.newInstance(DelegatingConstructorAccessorImpl.java:45)
	at java.base/java.lang.reflect.Constructor.newInstanceWithCaller(Constructor.java:499)
	at java.base/java.lang.reflect.Constructor.newInstance(Constructor.java:480)
	at org.springframework.beans.BeanUtils.instantiateClass(BeanUtils.java:211)
	... 59 common frames omitted
25-06-14.08:53:43.709 [main            ] ERROR TestContextManager     - Caught exception while allowing TestExecutionListener [org.springframework.test.context.web.ServletTestExecutionListener@6be968ce] to prepare test instance [com.bhuang.domain.strategy.service.armory.StrategyArmoryTest@523a7801]
java.lang.IllegalStateException: Failed to load ApplicationContext
	at org.springframework.test.context.cache.DefaultCacheAwareContextLoaderDelegate.loadContext(DefaultCacheAwareContextLoaderDelegate.java:98)
	at org.springframework.test.context.support.DefaultTestContext.getApplicationContext(DefaultTestContext.java:124)
	at org.springframework.test.context.web.ServletTestExecutionListener.setUpRequestContextIfNecessary(ServletTestExecutionListener.java:190)
	at org.springframework.test.context.web.ServletTestExecutionListener.prepareTestInstance(ServletTestExecutionListener.java:132)
	at org.springframework.test.context.TestContextManager.prepareTestInstance(TestContextManager.java:248)
	at org.springframework.test.context.junit4.SpringJUnit4ClassRunner.createTest(SpringJUnit4ClassRunner.java:227)
	at org.springframework.test.context.junit4.SpringJUnit4ClassRunner$1.runReflectiveCall(SpringJUnit4ClassRunner.java:289)
	at org.junit.internal.runners.model.ReflectiveCallable.run(ReflectiveCallable.java:12)
	at org.springframework.test.context.junit4.SpringJUnit4ClassRunner.methodBlock(SpringJUnit4ClassRunner.java:291)
	at org.springframework.test.context.junit4.SpringJUnit4ClassRunner.runChild(SpringJUnit4ClassRunner.java:246)
	at org.springframework.test.context.junit4.SpringJUnit4ClassRunner.runChild(SpringJUnit4ClassRunner.java:97)
	at org.junit.runners.ParentRunner$4.run(ParentRunner.java:331)
	at org.junit.runners.ParentRunner$1.schedule(ParentRunner.java:79)
	at org.junit.runners.ParentRunner.runChildren(ParentRunner.java:329)
	at org.junit.runners.ParentRunner.access$100(ParentRunner.java:66)
	at org.junit.runners.ParentRunner$2.evaluate(ParentRunner.java:293)
	at org.springframework.test.context.junit4.statements.RunBeforeTestClassCallbacks.evaluate(RunBeforeTestClassCallbacks.java:61)
	at org.springframework.test.context.junit4.statements.RunAfterTestClassCallbacks.evaluate(RunAfterTestClassCallbacks.java:70)
	at org.junit.runners.ParentRunner$3.evaluate(ParentRunner.java:306)
	at org.junit.runners.ParentRunner.run(ParentRunner.java:413)
	at org.springframework.test.context.junit4.SpringJUnit4ClassRunner.run(SpringJUnit4ClassRunner.java:190)
	at org.junit.runner.JUnitCore.run(JUnitCore.java:137)
	at com.intellij.junit4.JUnit4IdeaTestRunner.startRunnerWithArgs(JUnit4IdeaTestRunner.java:69)
	at com.intellij.rt.junit.IdeaTestRunner$Repeater$1.execute(IdeaTestRunner.java:38)
	at com.intellij.rt.execution.junit.TestsRepeater.repeat(TestsRepeater.java:11)
	at com.intellij.rt.junit.IdeaTestRunner$Repeater.startRunnerWithArgs(IdeaTestRunner.java:35)
	at com.intellij.rt.junit.JUnitStarter.prepareStreamsAndStart(JUnitStarter.java:231)
	at com.intellij.rt.junit.JUnitStarter.main(JUnitStarter.java:55)
Caused by: org.springframework.beans.factory.BeanCreationException: Error creating bean with name 'strategyArmory': Injection of resource dependencies failed; nested exception is org.springframework.beans.factory.BeanCreationException: Error creating bean with name 'strategyRepository' defined in file [/Users/bhuang/code/Bhuang-BigMark/Bhuang-BigMark-infrastructure/target/classes/com/bhuang/infrastructure/persistent/repository/StrategyRepository.class]: Instantiation of bean failed; nested exception is org.springframework.beans.BeanInstantiationException: Failed to instantiate [com.bhuang.infrastructure.persistent.repository.StrategyRepository]: Constructor threw exception; nested exception is java.lang.Error: Unresolved compilation problems: 
	The import com.bhuang.domain.strategy.model cannot be resolved
	The import com.bhuang.domain.strategy.repository cannot be resolved
	IStrategyRepository cannot be resolved to a type
	StrategyAwardEntity cannot be resolved to a type
	The method queryStrategyAwardList(Long) of type StrategyRepository must override or implement a supertype method
	The method toEntityList(List<StrategyAward>) from the type StrategyAwardMapper refers to the missing type StrategyAwardEntity
	The method toEntityList(List<StrategyAward>) from the type StrategyAwardMapper refers to the missing type StrategyAwardEntity
	The method storeStrategyAwardSearchRateTable(Long, Integer, Map<Integer,Integer>) of type StrategyRepository must override or implement a supertype method
	The method getRateRange(Long) of type StrategyRepository must override or implement a supertype method
	The method getStrategyAwardAssemble(Long, Integer) of type StrategyRepository must override or implement a supertype method

	at org.springframework.context.annotation.CommonAnnotationBeanPostProcessor.postProcessProperties(CommonAnnotationBeanPostProcessor.java:332)
	at org.springframework.beans.factory.support.AbstractAutowireCapableBeanFactory.populateBean(AbstractAutowireCapableBeanFactory.java:1431)
	at org.springframework.beans.factory.support.AbstractAutowireCapableBeanFactory.doCreateBean(AbstractAutowireCapableBeanFactory.java:619)
	at org.springframework.beans.factory.support.AbstractAutowireCapableBeanFactory.createBean(AbstractAutowireCapableBeanFactory.java:542)
	at org.springframework.beans.factory.support.AbstractBeanFactory.lambda$doGetBean$0(AbstractBeanFactory.java:335)
	at org.springframework.beans.factory.support.DefaultSingletonBeanRegistry.getSingleton(DefaultSingletonBeanRegistry.java:234)
	at org.springframework.beans.factory.support.AbstractBeanFactory.doGetBean(AbstractBeanFactory.java:333)
	at org.springframework.beans.factory.support.AbstractBeanFactory.getBean(AbstractBeanFactory.java:208)
	at org.springframework.beans.factory.support.DefaultListableBeanFactory.preInstantiateSingletons(DefaultListableBeanFactory.java:955)
	at org.springframework.context.support.AbstractApplicationContext.finishBeanFactoryInitialization(AbstractApplicationContext.java:920)
	at org.springframework.context.support.AbstractApplicationContext.refresh(AbstractApplicationContext.java:583)
	at org.springframework.boot.SpringApplication.refresh(SpringApplication.java:731)
	at org.springframework.boot.SpringApplication.refreshContext(SpringApplication.java:408)
	at org.springframework.boot.SpringApplication.run(SpringApplication.java:307)
	at org.springframework.boot.test.context.SpringBootContextLoader.loadContext(SpringBootContextLoader.java:136)
	at org.springframework.test.context.cache.DefaultCacheAwareContextLoaderDelegate.loadContextInternal(DefaultCacheAwareContextLoaderDelegate.java:141)
	at org.springframework.test.context.cache.DefaultCacheAwareContextLoaderDelegate.loadContext(DefaultCacheAwareContextLoaderDelegate.java:90)
	... 27 common frames omitted
Caused by: org.springframework.beans.factory.BeanCreationException: Error creating bean with name 'strategyRepository' defined in file [/Users/bhuang/code/Bhuang-BigMark/Bhuang-BigMark-infrastructure/target/classes/com/bhuang/infrastructure/persistent/repository/StrategyRepository.class]: Instantiation of bean failed; nested exception is org.springframework.beans.BeanInstantiationException: Failed to instantiate [com.bhuang.infrastructure.persistent.repository.StrategyRepository]: Constructor threw exception; nested exception is java.lang.Error: Unresolved compilation problems: 
	The import com.bhuang.domain.strategy.model cannot be resolved
	The import com.bhuang.domain.strategy.repository cannot be resolved
	IStrategyRepository cannot be resolved to a type
	StrategyAwardEntity cannot be resolved to a type
	The method queryStrategyAwardList(Long) of type StrategyRepository must override or implement a supertype method
	The method toEntityList(List<StrategyAward>) from the type StrategyAwardMapper refers to the missing type StrategyAwardEntity
	The method toEntityList(List<StrategyAward>) from the type StrategyAwardMapper refers to the missing type StrategyAwardEntity
	The method storeStrategyAwardSearchRateTable(Long, Integer, Map<Integer,Integer>) of type StrategyRepository must override or implement a supertype method
	The method getRateRange(Long) of type StrategyRepository must override or implement a supertype method
	The method getStrategyAwardAssemble(Long, Integer) of type StrategyRepository must override or implement a supertype method

	at org.springframework.beans.factory.support.AbstractAutowireCapableBeanFactory.instantiateBean(AbstractAutowireCapableBeanFactory.java:1334)
	at org.springframework.beans.factory.support.AbstractAutowireCapableBeanFactory.createBeanInstance(AbstractAutowireCapableBeanFactory.java:1232)
	at org.springframework.beans.factory.support.AbstractAutowireCapableBeanFactory.doCreateBean(AbstractAutowireCapableBeanFactory.java:582)
	at org.springframework.beans.factory.support.AbstractAutowireCapableBeanFactory.createBean(AbstractAutowireCapableBeanFactory.java:542)
	at org.springframework.beans.factory.support.AbstractBeanFactory.lambda$doGetBean$0(AbstractBeanFactory.java:335)
	at org.springframework.beans.factory.support.DefaultSingletonBeanRegistry.getSingleton(DefaultSingletonBeanRegistry.java:234)
	at org.springframework.beans.factory.support.AbstractBeanFactory.doGetBean(AbstractBeanFactory.java:333)
	at org.springframework.beans.factory.support.AbstractBeanFactory.getBean(AbstractBeanFactory.java:213)
	at org.springframework.beans.factory.support.AbstractAutowireCapableBeanFactory.resolveBeanByName(AbstractAutowireCapableBeanFactory.java:479)
	at org.springframework.context.annotation.CommonAnnotationBeanPostProcessor.autowireResource(CommonAnnotationBeanPostProcessor.java:550)
	at org.springframework.context.annotation.CommonAnnotationBeanPostProcessor.getResource(CommonAnnotationBeanPostProcessor.java:520)
	at org.springframework.context.annotation.CommonAnnotationBeanPostProcessor$ResourceElement.getResourceToInject(CommonAnnotationBeanPostProcessor.java:673)
	at org.springframework.beans.factory.annotation.InjectionMetadata$InjectedElement.inject(InjectionMetadata.java:228)
	at org.springframework.beans.factory.annotation.InjectionMetadata.inject(InjectionMetadata.java:119)
	at org.springframework.context.annotation.CommonAnnotationBeanPostProcessor.postProcessProperties(CommonAnnotationBeanPostProcessor.java:329)
	... 43 common frames omitted
Caused by: org.springframework.beans.BeanInstantiationException: Failed to instantiate [com.bhuang.infrastructure.persistent.repository.StrategyRepository]: Constructor threw exception; nested exception is java.lang.Error: Unresolved compilation problems: 
	The import com.bhuang.domain.strategy.model cannot be resolved
	The import com.bhuang.domain.strategy.repository cannot be resolved
	IStrategyRepository cannot be resolved to a type
	StrategyAwardEntity cannot be resolved to a type
	The method queryStrategyAwardList(Long) of type StrategyRepository must override or implement a supertype method
	The method toEntityList(List<StrategyAward>) from the type StrategyAwardMapper refers to the missing type StrategyAwardEntity
	The method toEntityList(List<StrategyAward>) from the type StrategyAwardMapper refers to the missing type StrategyAwardEntity
	The method storeStrategyAwardSearchRateTable(Long, Integer, Map<Integer,Integer>) of type StrategyRepository must override or implement a supertype method
	The method getRateRange(Long) of type StrategyRepository must override or implement a supertype method
	The method getStrategyAwardAssemble(Long, Integer) of type StrategyRepository must override or implement a supertype method

	at org.springframework.beans.BeanUtils.instantiateClass(BeanUtils.java:224)
	at org.springframework.beans.factory.support.SimpleInstantiationStrategy.instantiate(SimpleInstantiationStrategy.java:87)
	at org.springframework.beans.factory.support.AbstractAutowireCapableBeanFactory.instantiateBean(AbstractAutowireCapableBeanFactory.java:1326)
	... 57 common frames omitted
Caused by: java.lang.Error: Unresolved compilation problems: 
	The import com.bhuang.domain.strategy.model cannot be resolved
	The import com.bhuang.domain.strategy.repository cannot be resolved
	IStrategyRepository cannot be resolved to a type
	StrategyAwardEntity cannot be resolved to a type
	The method queryStrategyAwardList(Long) of type StrategyRepository must override or implement a supertype method
	The method toEntityList(List<StrategyAward>) from the type StrategyAwardMapper refers to the missing type StrategyAwardEntity
	The method toEntityList(List<StrategyAward>) from the type StrategyAwardMapper refers to the missing type StrategyAwardEntity
	The method storeStrategyAwardSearchRateTable(Long, Integer, Map<Integer,Integer>) of type StrategyRepository must override or implement a supertype method
	The method getRateRange(Long) of type StrategyRepository must override or implement a supertype method
	The method getStrategyAwardAssemble(Long, Integer) of type StrategyRepository must override or implement a supertype method

	at com.bhuang.infrastructure.persistent.repository.StrategyRepository.<init>(StrategyRepository.java:4)
	at java.base/jdk.internal.reflect.NativeConstructorAccessorImpl.newInstance0(Native Method)
	at java.base/jdk.internal.reflect.NativeConstructorAccessorImpl.newInstance(NativeConstructorAccessorImpl.java:77)
	at java.base/jdk.internal.reflect.DelegatingConstructorAccessorImpl.newInstance(DelegatingConstructorAccessorImpl.java:45)
	at java.base/java.lang.reflect.Constructor.newInstanceWithCaller(Constructor.java:499)
	at java.base/java.lang.reflect.Constructor.newInstance(Constructor.java:480)
	at org.springframework.beans.BeanUtils.instantiateClass(BeanUtils.java:211)
	... 59 common frames omitted
25-06-14.08:54:16.100 [main            ] WARN  GenericWebApplicationContext - Exception encountered during context initialization - cancelling refresh attempt: org.springframework.beans.factory.BeanCreationException: Error creating bean with name 'strategyArmory': Injection of resource dependencies failed; nested exception is org.springframework.beans.factory.BeanCreationException: Error creating bean with name 'strategyRepository' defined in file [/Users/bhuang/code/Bhuang-BigMark/Bhuang-BigMark-infrastructure/target/classes/com/bhuang/infrastructure/persistent/repository/StrategyRepository.class]: Instantiation of bean failed; nested exception is org.springframework.beans.BeanInstantiationException: Failed to instantiate [com.bhuang.infrastructure.persistent.repository.StrategyRepository]: Constructor threw exception; nested exception is java.lang.Error: Unresolved compilation problems: 
	The import com.bhuang.domain.strategy.model cannot be resolved
	The import com.bhuang.domain.strategy.repository cannot be resolved
	IStrategyRepository cannot be resolved to a type
	StrategyAwardEntity cannot be resolved to a type
	The method queryStrategyAwardList(Long) of type StrategyRepository must override or implement a supertype method
	The method toEntityList(List<StrategyAward>) from the type StrategyAwardMapper refers to the missing type StrategyAwardEntity
	The method toEntityList(List<StrategyAward>) from the type StrategyAwardMapper refers to the missing type StrategyAwardEntity
	The method storeStrategyAwardSearchRateTable(Long, Integer, Map<Integer,Integer>) of type StrategyRepository must override or implement a supertype method
	The method getRateRange(Long) of type StrategyRepository must override or implement a supertype method
	The method getStrategyAwardAssemble(Long, Integer) of type StrategyRepository must override or implement a supertype method

25-06-14.08:54:16.114 [main            ] ERROR SpringApplication      - Application run failed
org.springframework.beans.factory.BeanCreationException: Error creating bean with name 'strategyArmory': Injection of resource dependencies failed; nested exception is org.springframework.beans.factory.BeanCreationException: Error creating bean with name 'strategyRepository' defined in file [/Users/bhuang/code/Bhuang-BigMark/Bhuang-BigMark-infrastructure/target/classes/com/bhuang/infrastructure/persistent/repository/StrategyRepository.class]: Instantiation of bean failed; nested exception is org.springframework.beans.BeanInstantiationException: Failed to instantiate [com.bhuang.infrastructure.persistent.repository.StrategyRepository]: Constructor threw exception; nested exception is java.lang.Error: Unresolved compilation problems: 
	The import com.bhuang.domain.strategy.model cannot be resolved
	The import com.bhuang.domain.strategy.repository cannot be resolved
	IStrategyRepository cannot be resolved to a type
	StrategyAwardEntity cannot be resolved to a type
	The method queryStrategyAwardList(Long) of type StrategyRepository must override or implement a supertype method
	The method toEntityList(List<StrategyAward>) from the type StrategyAwardMapper refers to the missing type StrategyAwardEntity
	The method toEntityList(List<StrategyAward>) from the type StrategyAwardMapper refers to the missing type StrategyAwardEntity
	The method storeStrategyAwardSearchRateTable(Long, Integer, Map<Integer,Integer>) of type StrategyRepository must override or implement a supertype method
	The method getRateRange(Long) of type StrategyRepository must override or implement a supertype method
	The method getStrategyAwardAssemble(Long, Integer) of type StrategyRepository must override or implement a supertype method

	at org.springframework.context.annotation.CommonAnnotationBeanPostProcessor.postProcessProperties(CommonAnnotationBeanPostProcessor.java:332)
	at org.springframework.beans.factory.support.AbstractAutowireCapableBeanFactory.populateBean(AbstractAutowireCapableBeanFactory.java:1431)
	at org.springframework.beans.factory.support.AbstractAutowireCapableBeanFactory.doCreateBean(AbstractAutowireCapableBeanFactory.java:619)
	at org.springframework.beans.factory.support.AbstractAutowireCapableBeanFactory.createBean(AbstractAutowireCapableBeanFactory.java:542)
	at org.springframework.beans.factory.support.AbstractBeanFactory.lambda$doGetBean$0(AbstractBeanFactory.java:335)
	at org.springframework.beans.factory.support.DefaultSingletonBeanRegistry.getSingleton(DefaultSingletonBeanRegistry.java:234)
	at org.springframework.beans.factory.support.AbstractBeanFactory.doGetBean(AbstractBeanFactory.java:333)
	at org.springframework.beans.factory.support.AbstractBeanFactory.getBean(AbstractBeanFactory.java:208)
	at org.springframework.beans.factory.support.DefaultListableBeanFactory.preInstantiateSingletons(DefaultListableBeanFactory.java:955)
	at org.springframework.context.support.AbstractApplicationContext.finishBeanFactoryInitialization(AbstractApplicationContext.java:920)
	at org.springframework.context.support.AbstractApplicationContext.refresh(AbstractApplicationContext.java:583)
	at org.springframework.boot.SpringApplication.refresh(SpringApplication.java:731)
	at org.springframework.boot.SpringApplication.refreshContext(SpringApplication.java:408)
	at org.springframework.boot.SpringApplication.run(SpringApplication.java:307)
	at org.springframework.boot.test.context.SpringBootContextLoader.loadContext(SpringBootContextLoader.java:136)
	at org.springframework.test.context.cache.DefaultCacheAwareContextLoaderDelegate.loadContextInternal(DefaultCacheAwareContextLoaderDelegate.java:141)
	at org.springframework.test.context.cache.DefaultCacheAwareContextLoaderDelegate.loadContext(DefaultCacheAwareContextLoaderDelegate.java:90)
	at org.springframework.test.context.support.DefaultTestContext.getApplicationContext(DefaultTestContext.java:124)
	at org.springframework.test.context.web.ServletTestExecutionListener.setUpRequestContextIfNecessary(ServletTestExecutionListener.java:190)
	at org.springframework.test.context.web.ServletTestExecutionListener.prepareTestInstance(ServletTestExecutionListener.java:132)
	at org.springframework.test.context.TestContextManager.prepareTestInstance(TestContextManager.java:248)
	at org.springframework.test.context.junit4.SpringJUnit4ClassRunner.createTest(SpringJUnit4ClassRunner.java:227)
	at org.springframework.test.context.junit4.SpringJUnit4ClassRunner$1.runReflectiveCall(SpringJUnit4ClassRunner.java:289)
	at org.junit.internal.runners.model.ReflectiveCallable.run(ReflectiveCallable.java:12)
	at org.springframework.test.context.junit4.SpringJUnit4ClassRunner.methodBlock(SpringJUnit4ClassRunner.java:291)
	at org.springframework.test.context.junit4.SpringJUnit4ClassRunner.runChild(SpringJUnit4ClassRunner.java:246)
	at org.springframework.test.context.junit4.SpringJUnit4ClassRunner.runChild(SpringJUnit4ClassRunner.java:97)
	at org.junit.runners.ParentRunner$4.run(ParentRunner.java:331)
	at org.junit.runners.ParentRunner$1.schedule(ParentRunner.java:79)
	at org.junit.runners.ParentRunner.runChildren(ParentRunner.java:329)
	at org.junit.runners.ParentRunner.access$100(ParentRunner.java:66)
	at org.junit.runners.ParentRunner$2.evaluate(ParentRunner.java:293)
	at org.springframework.test.context.junit4.statements.RunBeforeTestClassCallbacks.evaluate(RunBeforeTestClassCallbacks.java:61)
	at org.springframework.test.context.junit4.statements.RunAfterTestClassCallbacks.evaluate(RunAfterTestClassCallbacks.java:70)
	at org.junit.runners.ParentRunner$3.evaluate(ParentRunner.java:306)
	at org.junit.runners.ParentRunner.run(ParentRunner.java:413)
	at org.springframework.test.context.junit4.SpringJUnit4ClassRunner.run(SpringJUnit4ClassRunner.java:190)
	at org.junit.runner.JUnitCore.run(JUnitCore.java:137)
	at com.intellij.junit4.JUnit4IdeaTestRunner.startRunnerWithArgs(JUnit4IdeaTestRunner.java:69)
	at com.intellij.rt.junit.IdeaTestRunner$Repeater$1.execute(IdeaTestRunner.java:38)
	at com.intellij.rt.execution.junit.TestsRepeater.repeat(TestsRepeater.java:11)
	at com.intellij.rt.junit.IdeaTestRunner$Repeater.startRunnerWithArgs(IdeaTestRunner.java:35)
	at com.intellij.rt.junit.JUnitStarter.prepareStreamsAndStart(JUnitStarter.java:231)
	at com.intellij.rt.junit.JUnitStarter.main(JUnitStarter.java:55)
Caused by: org.springframework.beans.factory.BeanCreationException: Error creating bean with name 'strategyRepository' defined in file [/Users/bhuang/code/Bhuang-BigMark/Bhuang-BigMark-infrastructure/target/classes/com/bhuang/infrastructure/persistent/repository/StrategyRepository.class]: Instantiation of bean failed; nested exception is org.springframework.beans.BeanInstantiationException: Failed to instantiate [com.bhuang.infrastructure.persistent.repository.StrategyRepository]: Constructor threw exception; nested exception is java.lang.Error: Unresolved compilation problems: 
	The import com.bhuang.domain.strategy.model cannot be resolved
	The import com.bhuang.domain.strategy.repository cannot be resolved
	IStrategyRepository cannot be resolved to a type
	StrategyAwardEntity cannot be resolved to a type
	The method queryStrategyAwardList(Long) of type StrategyRepository must override or implement a supertype method
	The method toEntityList(List<StrategyAward>) from the type StrategyAwardMapper refers to the missing type StrategyAwardEntity
	The method toEntityList(List<StrategyAward>) from the type StrategyAwardMapper refers to the missing type StrategyAwardEntity
	The method storeStrategyAwardSearchRateTable(Long, Integer, Map<Integer,Integer>) of type StrategyRepository must override or implement a supertype method
	The method getRateRange(Long) of type StrategyRepository must override or implement a supertype method
	The method getStrategyAwardAssemble(Long, Integer) of type StrategyRepository must override or implement a supertype method

	at org.springframework.beans.factory.support.AbstractAutowireCapableBeanFactory.instantiateBean(AbstractAutowireCapableBeanFactory.java:1334)
	at org.springframework.beans.factory.support.AbstractAutowireCapableBeanFactory.createBeanInstance(AbstractAutowireCapableBeanFactory.java:1232)
	at org.springframework.beans.factory.support.AbstractAutowireCapableBeanFactory.doCreateBean(AbstractAutowireCapableBeanFactory.java:582)
	at org.springframework.beans.factory.support.AbstractAutowireCapableBeanFactory.createBean(AbstractAutowireCapableBeanFactory.java:542)
	at org.springframework.beans.factory.support.AbstractBeanFactory.lambda$doGetBean$0(AbstractBeanFactory.java:335)
	at org.springframework.beans.factory.support.DefaultSingletonBeanRegistry.getSingleton(DefaultSingletonBeanRegistry.java:234)
	at org.springframework.beans.factory.support.AbstractBeanFactory.doGetBean(AbstractBeanFactory.java:333)
	at org.springframework.beans.factory.support.AbstractBeanFactory.getBean(AbstractBeanFactory.java:213)
	at org.springframework.beans.factory.support.AbstractAutowireCapableBeanFactory.resolveBeanByName(AbstractAutowireCapableBeanFactory.java:479)
	at org.springframework.context.annotation.CommonAnnotationBeanPostProcessor.autowireResource(CommonAnnotationBeanPostProcessor.java:550)
	at org.springframework.context.annotation.CommonAnnotationBeanPostProcessor.getResource(CommonAnnotationBeanPostProcessor.java:520)
	at org.springframework.context.annotation.CommonAnnotationBeanPostProcessor$ResourceElement.getResourceToInject(CommonAnnotationBeanPostProcessor.java:673)
	at org.springframework.beans.factory.annotation.InjectionMetadata$InjectedElement.inject(InjectionMetadata.java:228)
	at org.springframework.beans.factory.annotation.InjectionMetadata.inject(InjectionMetadata.java:119)
	at org.springframework.context.annotation.CommonAnnotationBeanPostProcessor.postProcessProperties(CommonAnnotationBeanPostProcessor.java:329)
	... 43 common frames omitted
Caused by: org.springframework.beans.BeanInstantiationException: Failed to instantiate [com.bhuang.infrastructure.persistent.repository.StrategyRepository]: Constructor threw exception; nested exception is java.lang.Error: Unresolved compilation problems: 
	The import com.bhuang.domain.strategy.model cannot be resolved
	The import com.bhuang.domain.strategy.repository cannot be resolved
	IStrategyRepository cannot be resolved to a type
	StrategyAwardEntity cannot be resolved to a type
	The method queryStrategyAwardList(Long) of type StrategyRepository must override or implement a supertype method
	The method toEntityList(List<StrategyAward>) from the type StrategyAwardMapper refers to the missing type StrategyAwardEntity
	The method toEntityList(List<StrategyAward>) from the type StrategyAwardMapper refers to the missing type StrategyAwardEntity
	The method storeStrategyAwardSearchRateTable(Long, Integer, Map<Integer,Integer>) of type StrategyRepository must override or implement a supertype method
	The method getRateRange(Long) of type StrategyRepository must override or implement a supertype method
	The method getStrategyAwardAssemble(Long, Integer) of type StrategyRepository must override or implement a supertype method

	at org.springframework.beans.BeanUtils.instantiateClass(BeanUtils.java:224)
	at org.springframework.beans.factory.support.SimpleInstantiationStrategy.instantiate(SimpleInstantiationStrategy.java:87)
	at org.springframework.beans.factory.support.AbstractAutowireCapableBeanFactory.instantiateBean(AbstractAutowireCapableBeanFactory.java:1326)
	... 57 common frames omitted
Caused by: java.lang.Error: Unresolved compilation problems: 
	The import com.bhuang.domain.strategy.model cannot be resolved
	The import com.bhuang.domain.strategy.repository cannot be resolved
	IStrategyRepository cannot be resolved to a type
	StrategyAwardEntity cannot be resolved to a type
	The method queryStrategyAwardList(Long) of type StrategyRepository must override or implement a supertype method
	The method toEntityList(List<StrategyAward>) from the type StrategyAwardMapper refers to the missing type StrategyAwardEntity
	The method toEntityList(List<StrategyAward>) from the type StrategyAwardMapper refers to the missing type StrategyAwardEntity
	The method storeStrategyAwardSearchRateTable(Long, Integer, Map<Integer,Integer>) of type StrategyRepository must override or implement a supertype method
	The method getRateRange(Long) of type StrategyRepository must override or implement a supertype method
	The method getStrategyAwardAssemble(Long, Integer) of type StrategyRepository must override or implement a supertype method

	at com.bhuang.infrastructure.persistent.repository.StrategyRepository.<init>(StrategyRepository.java:4)
	at java.base/jdk.internal.reflect.NativeConstructorAccessorImpl.newInstance0(Native Method)
	at java.base/jdk.internal.reflect.NativeConstructorAccessorImpl.newInstance(NativeConstructorAccessorImpl.java:77)
	at java.base/jdk.internal.reflect.DelegatingConstructorAccessorImpl.newInstance(DelegatingConstructorAccessorImpl.java:45)
	at java.base/java.lang.reflect.Constructor.newInstanceWithCaller(Constructor.java:499)
	at java.base/java.lang.reflect.Constructor.newInstance(Constructor.java:480)
	at org.springframework.beans.BeanUtils.instantiateClass(BeanUtils.java:211)
	... 59 common frames omitted
25-06-14.08:54:16.115 [main            ] ERROR TestContextManager     - Caught exception while allowing TestExecutionListener [org.springframework.test.context.web.ServletTestExecutionListener@5890e879] to prepare test instance [com.bhuang.domain.strategy.service.armory.StrategyArmoryTest@3caafa67]
java.lang.IllegalStateException: Failed to load ApplicationContext
	at org.springframework.test.context.cache.DefaultCacheAwareContextLoaderDelegate.loadContext(DefaultCacheAwareContextLoaderDelegate.java:98)
	at org.springframework.test.context.support.DefaultTestContext.getApplicationContext(DefaultTestContext.java:124)
	at org.springframework.test.context.web.ServletTestExecutionListener.setUpRequestContextIfNecessary(ServletTestExecutionListener.java:190)
	at org.springframework.test.context.web.ServletTestExecutionListener.prepareTestInstance(ServletTestExecutionListener.java:132)
	at org.springframework.test.context.TestContextManager.prepareTestInstance(TestContextManager.java:248)
	at org.springframework.test.context.junit4.SpringJUnit4ClassRunner.createTest(SpringJUnit4ClassRunner.java:227)
	at org.springframework.test.context.junit4.SpringJUnit4ClassRunner$1.runReflectiveCall(SpringJUnit4ClassRunner.java:289)
	at org.junit.internal.runners.model.ReflectiveCallable.run(ReflectiveCallable.java:12)
	at org.springframework.test.context.junit4.SpringJUnit4ClassRunner.methodBlock(SpringJUnit4ClassRunner.java:291)
	at org.springframework.test.context.junit4.SpringJUnit4ClassRunner.runChild(SpringJUnit4ClassRunner.java:246)
	at org.springframework.test.context.junit4.SpringJUnit4ClassRunner.runChild(SpringJUnit4ClassRunner.java:97)
	at org.junit.runners.ParentRunner$4.run(ParentRunner.java:331)
	at org.junit.runners.ParentRunner$1.schedule(ParentRunner.java:79)
	at org.junit.runners.ParentRunner.runChildren(ParentRunner.java:329)
	at org.junit.runners.ParentRunner.access$100(ParentRunner.java:66)
	at org.junit.runners.ParentRunner$2.evaluate(ParentRunner.java:293)
	at org.springframework.test.context.junit4.statements.RunBeforeTestClassCallbacks.evaluate(RunBeforeTestClassCallbacks.java:61)
	at org.springframework.test.context.junit4.statements.RunAfterTestClassCallbacks.evaluate(RunAfterTestClassCallbacks.java:70)
	at org.junit.runners.ParentRunner$3.evaluate(ParentRunner.java:306)
	at org.junit.runners.ParentRunner.run(ParentRunner.java:413)
	at org.springframework.test.context.junit4.SpringJUnit4ClassRunner.run(SpringJUnit4ClassRunner.java:190)
	at org.junit.runner.JUnitCore.run(JUnitCore.java:137)
	at com.intellij.junit4.JUnit4IdeaTestRunner.startRunnerWithArgs(JUnit4IdeaTestRunner.java:69)
	at com.intellij.rt.junit.IdeaTestRunner$Repeater$1.execute(IdeaTestRunner.java:38)
	at com.intellij.rt.execution.junit.TestsRepeater.repeat(TestsRepeater.java:11)
	at com.intellij.rt.junit.IdeaTestRunner$Repeater.startRunnerWithArgs(IdeaTestRunner.java:35)
	at com.intellij.rt.junit.JUnitStarter.prepareStreamsAndStart(JUnitStarter.java:231)
	at com.intellij.rt.junit.JUnitStarter.main(JUnitStarter.java:55)
Caused by: org.springframework.beans.factory.BeanCreationException: Error creating bean with name 'strategyArmory': Injection of resource dependencies failed; nested exception is org.springframework.beans.factory.BeanCreationException: Error creating bean with name 'strategyRepository' defined in file [/Users/bhuang/code/Bhuang-BigMark/Bhuang-BigMark-infrastructure/target/classes/com/bhuang/infrastructure/persistent/repository/StrategyRepository.class]: Instantiation of bean failed; nested exception is org.springframework.beans.BeanInstantiationException: Failed to instantiate [com.bhuang.infrastructure.persistent.repository.StrategyRepository]: Constructor threw exception; nested exception is java.lang.Error: Unresolved compilation problems: 
	The import com.bhuang.domain.strategy.model cannot be resolved
	The import com.bhuang.domain.strategy.repository cannot be resolved
	IStrategyRepository cannot be resolved to a type
	StrategyAwardEntity cannot be resolved to a type
	The method queryStrategyAwardList(Long) of type StrategyRepository must override or implement a supertype method
	The method toEntityList(List<StrategyAward>) from the type StrategyAwardMapper refers to the missing type StrategyAwardEntity
	The method toEntityList(List<StrategyAward>) from the type StrategyAwardMapper refers to the missing type StrategyAwardEntity
	The method storeStrategyAwardSearchRateTable(Long, Integer, Map<Integer,Integer>) of type StrategyRepository must override or implement a supertype method
	The method getRateRange(Long) of type StrategyRepository must override or implement a supertype method
	The method getStrategyAwardAssemble(Long, Integer) of type StrategyRepository must override or implement a supertype method

	at org.springframework.context.annotation.CommonAnnotationBeanPostProcessor.postProcessProperties(CommonAnnotationBeanPostProcessor.java:332)
	at org.springframework.beans.factory.support.AbstractAutowireCapableBeanFactory.populateBean(AbstractAutowireCapableBeanFactory.java:1431)
	at org.springframework.beans.factory.support.AbstractAutowireCapableBeanFactory.doCreateBean(AbstractAutowireCapableBeanFactory.java:619)
	at org.springframework.beans.factory.support.AbstractAutowireCapableBeanFactory.createBean(AbstractAutowireCapableBeanFactory.java:542)
	at org.springframework.beans.factory.support.AbstractBeanFactory.lambda$doGetBean$0(AbstractBeanFactory.java:335)
	at org.springframework.beans.factory.support.DefaultSingletonBeanRegistry.getSingleton(DefaultSingletonBeanRegistry.java:234)
	at org.springframework.beans.factory.support.AbstractBeanFactory.doGetBean(AbstractBeanFactory.java:333)
	at org.springframework.beans.factory.support.AbstractBeanFactory.getBean(AbstractBeanFactory.java:208)
	at org.springframework.beans.factory.support.DefaultListableBeanFactory.preInstantiateSingletons(DefaultListableBeanFactory.java:955)
	at org.springframework.context.support.AbstractApplicationContext.finishBeanFactoryInitialization(AbstractApplicationContext.java:920)
	at org.springframework.context.support.AbstractApplicationContext.refresh(AbstractApplicationContext.java:583)
	at org.springframework.boot.SpringApplication.refresh(SpringApplication.java:731)
	at org.springframework.boot.SpringApplication.refreshContext(SpringApplication.java:408)
	at org.springframework.boot.SpringApplication.run(SpringApplication.java:307)
	at org.springframework.boot.test.context.SpringBootContextLoader.loadContext(SpringBootContextLoader.java:136)
	at org.springframework.test.context.cache.DefaultCacheAwareContextLoaderDelegate.loadContextInternal(DefaultCacheAwareContextLoaderDelegate.java:141)
	at org.springframework.test.context.cache.DefaultCacheAwareContextLoaderDelegate.loadContext(DefaultCacheAwareContextLoaderDelegate.java:90)
	... 27 common frames omitted
Caused by: org.springframework.beans.factory.BeanCreationException: Error creating bean with name 'strategyRepository' defined in file [/Users/bhuang/code/Bhuang-BigMark/Bhuang-BigMark-infrastructure/target/classes/com/bhuang/infrastructure/persistent/repository/StrategyRepository.class]: Instantiation of bean failed; nested exception is org.springframework.beans.BeanInstantiationException: Failed to instantiate [com.bhuang.infrastructure.persistent.repository.StrategyRepository]: Constructor threw exception; nested exception is java.lang.Error: Unresolved compilation problems: 
	The import com.bhuang.domain.strategy.model cannot be resolved
	The import com.bhuang.domain.strategy.repository cannot be resolved
	IStrategyRepository cannot be resolved to a type
	StrategyAwardEntity cannot be resolved to a type
	The method queryStrategyAwardList(Long) of type StrategyRepository must override or implement a supertype method
	The method toEntityList(List<StrategyAward>) from the type StrategyAwardMapper refers to the missing type StrategyAwardEntity
	The method toEntityList(List<StrategyAward>) from the type StrategyAwardMapper refers to the missing type StrategyAwardEntity
	The method storeStrategyAwardSearchRateTable(Long, Integer, Map<Integer,Integer>) of type StrategyRepository must override or implement a supertype method
	The method getRateRange(Long) of type StrategyRepository must override or implement a supertype method
	The method getStrategyAwardAssemble(Long, Integer) of type StrategyRepository must override or implement a supertype method

	at org.springframework.beans.factory.support.AbstractAutowireCapableBeanFactory.instantiateBean(AbstractAutowireCapableBeanFactory.java:1334)
	at org.springframework.beans.factory.support.AbstractAutowireCapableBeanFactory.createBeanInstance(AbstractAutowireCapableBeanFactory.java:1232)
	at org.springframework.beans.factory.support.AbstractAutowireCapableBeanFactory.doCreateBean(AbstractAutowireCapableBeanFactory.java:582)
	at org.springframework.beans.factory.support.AbstractAutowireCapableBeanFactory.createBean(AbstractAutowireCapableBeanFactory.java:542)
	at org.springframework.beans.factory.support.AbstractBeanFactory.lambda$doGetBean$0(AbstractBeanFactory.java:335)
	at org.springframework.beans.factory.support.DefaultSingletonBeanRegistry.getSingleton(DefaultSingletonBeanRegistry.java:234)
	at org.springframework.beans.factory.support.AbstractBeanFactory.doGetBean(AbstractBeanFactory.java:333)
	at org.springframework.beans.factory.support.AbstractBeanFactory.getBean(AbstractBeanFactory.java:213)
	at org.springframework.beans.factory.support.AbstractAutowireCapableBeanFactory.resolveBeanByName(AbstractAutowireCapableBeanFactory.java:479)
	at org.springframework.context.annotation.CommonAnnotationBeanPostProcessor.autowireResource(CommonAnnotationBeanPostProcessor.java:550)
	at org.springframework.context.annotation.CommonAnnotationBeanPostProcessor.getResource(CommonAnnotationBeanPostProcessor.java:520)
	at org.springframework.context.annotation.CommonAnnotationBeanPostProcessor$ResourceElement.getResourceToInject(CommonAnnotationBeanPostProcessor.java:673)
	at org.springframework.beans.factory.annotation.InjectionMetadata$InjectedElement.inject(InjectionMetadata.java:228)
	at org.springframework.beans.factory.annotation.InjectionMetadata.inject(InjectionMetadata.java:119)
	at org.springframework.context.annotation.CommonAnnotationBeanPostProcessor.postProcessProperties(CommonAnnotationBeanPostProcessor.java:329)
	... 43 common frames omitted
Caused by: org.springframework.beans.BeanInstantiationException: Failed to instantiate [com.bhuang.infrastructure.persistent.repository.StrategyRepository]: Constructor threw exception; nested exception is java.lang.Error: Unresolved compilation problems: 
	The import com.bhuang.domain.strategy.model cannot be resolved
	The import com.bhuang.domain.strategy.repository cannot be resolved
	IStrategyRepository cannot be resolved to a type
	StrategyAwardEntity cannot be resolved to a type
	The method queryStrategyAwardList(Long) of type StrategyRepository must override or implement a supertype method
	The method toEntityList(List<StrategyAward>) from the type StrategyAwardMapper refers to the missing type StrategyAwardEntity
	The method toEntityList(List<StrategyAward>) from the type StrategyAwardMapper refers to the missing type StrategyAwardEntity
	The method storeStrategyAwardSearchRateTable(Long, Integer, Map<Integer,Integer>) of type StrategyRepository must override or implement a supertype method
	The method getRateRange(Long) of type StrategyRepository must override or implement a supertype method
	The method getStrategyAwardAssemble(Long, Integer) of type StrategyRepository must override or implement a supertype method

	at org.springframework.beans.BeanUtils.instantiateClass(BeanUtils.java:224)
	at org.springframework.beans.factory.support.SimpleInstantiationStrategy.instantiate(SimpleInstantiationStrategy.java:87)
	at org.springframework.beans.factory.support.AbstractAutowireCapableBeanFactory.instantiateBean(AbstractAutowireCapableBeanFactory.java:1326)
	... 57 common frames omitted
Caused by: java.lang.Error: Unresolved compilation problems: 
	The import com.bhuang.domain.strategy.model cannot be resolved
	The import com.bhuang.domain.strategy.repository cannot be resolved
	IStrategyRepository cannot be resolved to a type
	StrategyAwardEntity cannot be resolved to a type
	The method queryStrategyAwardList(Long) of type StrategyRepository must override or implement a supertype method
	The method toEntityList(List<StrategyAward>) from the type StrategyAwardMapper refers to the missing type StrategyAwardEntity
	The method toEntityList(List<StrategyAward>) from the type StrategyAwardMapper refers to the missing type StrategyAwardEntity
	The method storeStrategyAwardSearchRateTable(Long, Integer, Map<Integer,Integer>) of type StrategyRepository must override or implement a supertype method
	The method getRateRange(Long) of type StrategyRepository must override or implement a supertype method
	The method getStrategyAwardAssemble(Long, Integer) of type StrategyRepository must override or implement a supertype method

	at com.bhuang.infrastructure.persistent.repository.StrategyRepository.<init>(StrategyRepository.java:4)
	at java.base/jdk.internal.reflect.NativeConstructorAccessorImpl.newInstance0(Native Method)
	at java.base/jdk.internal.reflect.NativeConstructorAccessorImpl.newInstance(NativeConstructorAccessorImpl.java:77)
	at java.base/jdk.internal.reflect.DelegatingConstructorAccessorImpl.newInstance(DelegatingConstructorAccessorImpl.java:45)
	at java.base/java.lang.reflect.Constructor.newInstanceWithCaller(Constructor.java:499)
	at java.base/java.lang.reflect.Constructor.newInstance(Constructor.java:480)
	at org.springframework.beans.BeanUtils.instantiateClass(BeanUtils.java:211)
	... 59 common frames omitted
25-06-14.08:56:51.613 [main            ] WARN  DnsServerAddressStreamProviders - Can not find io.netty.resolver.dns.macos.MacOSDnsServerAddressStreamProvider in the classpath, fallback to system defaults. This may result in incorrect DNS resolutions on MacOS. Check whether you have a dependency on 'io.netty:netty-resolver-dns-native-macos'
25-06-14.08:56:52.895 [main            ] ERROR StrategyArmory         - 100.0000ID100001
25-06-14.08:56:52.924 [main            ] ERROR StrategyArmory         - 100.0000ID100001
25-06-14.08:56:52.925 [main            ] WARN  StrategyArmory         - 0ID100001
25-06-14.08:56:52.929 [main            ] ERROR StrategyArmory         - 100.0000ID100001
25-06-14.08:56:52.940 [main            ] WARN  StrategyArmory         - ID999999
25-06-14.08:56:52.944 [main            ] WARN  StrategyArmory         - 0ID999999
25-06-14.08:57:17.588 [main            ] WARN  DnsServerAddressStreamProviders - Can not find io.netty.resolver.dns.macos.MacOSDnsServerAddressStreamProvider in the classpath, fallback to system defaults. This may result in incorrect DNS resolutions on MacOS. Check whether you have a dependency on 'io.netty:netty-resolver-dns-native-macos'
25-06-14.09:03:38.808 [main            ] WARN  DnsServerAddressStreamProviders - Can not find io.netty.resolver.dns.macos.MacOSDnsServerAddressStreamProvider in the classpath, fallback to system defaults. This may result in incorrect DNS resolutions on MacOS. Check whether you have a dependency on 'io.netty:netty-resolver-dns-native-macos'
25-06-14.09:05:25.185 [main            ] WARN  DnsServerAddressStreamProviders - Can not find io.netty.resolver.dns.macos.MacOSDnsServerAddressStreamProvider in the classpath, fallback to system defaults. This may result in incorrect DNS resolutions on MacOS. Check whether you have a dependency on 'io.netty:netty-resolver-dns-native-macos'
25-06-14.09:05:26.238 [main            ] WARN  StrategyArmory         - ID999999
25-06-14.09:05:49.198 [main            ] WARN  DnsServerAddressStreamProviders - Can not find io.netty.resolver.dns.macos.MacOSDnsServerAddressStreamProvider in the classpath, fallback to system defaults. This may result in incorrect DNS resolutions on MacOS. Check whether you have a dependency on 'io.netty:netty-resolver-dns-native-macos'
25-06-14.09:07:08.165 [main            ] WARN  DnsServerAddressStreamProviders - Can not find io.netty.resolver.dns.macos.MacOSDnsServerAddressStreamProvider in the classpath, fallback to system defaults. This may result in incorrect DNS resolutions on MacOS. Check whether you have a dependency on 'io.netty:netty-resolver-dns-native-macos'
